
=== Fri May  8 10:44:53 2020

Packages were changed.
Update Mode: mergeDefaultDependencies

The following packages were 追加済:
  com.unity.analytics@3.2.2
  com.unity.purchasing@2.0.3
  com.unity.ads@2.0.8
  com.unity.textmeshpro@1.4.1
  com.unity.package-manager-ui@2.0.8
  com.unity.collab-proxy@1.2.15
  com.unity.modules.ai@1.0.0
  com.unity.modules.animation@1.0.0
  com.unity.modules.assetbundle@1.0.0
  com.unity.modules.audio@1.0.0
  com.unity.modules.cloth@1.0.0
  com.unity.modules.director@1.0.0
  com.unity.modules.imageconversion@1.0.0
  com.unity.modules.imgui@1.0.0
  com.unity.modules.jsonserialize@1.0.0
  com.unity.modules.particlesystem@1.0.0
  com.unity.modules.physics@1.0.0
  com.unity.modules.physics2d@1.0.0
  com.unity.modules.screencapture@1.0.0
  com.unity.modules.terrain@1.0.0
  com.unity.modules.terrainphysics@1.0.0
  com.unity.modules.tilemap@1.0.0
  com.unity.modules.ui@1.0.0
  com.unity.modules.uielements@1.0.0
  com.unity.modules.umbra@1.0.0
  com.unity.modules.unityanalytics@1.0.0
  com.unity.modules.unitywebrequest@1.0.0
  com.unity.modules.unitywebrequestassetbundle@1.0.0
  com.unity.modules.unitywebrequestaudio@1.0.0
  com.unity.modules.unitywebrequesttexture@1.0.0
  com.unity.modules.unitywebrequestwww@1.0.0
  com.unity.modules.vehicles@1.0.0
  com.unity.modules.video@1.0.0
  com.unity.modules.vr@1.0.0
  com.unity.modules.wind@1.0.0
  com.unity.modules.xr@1.0.0

=== Wed May 20 11:07:46 2020

Packages were changed.
Update Mode: updateDependencies

The following packages were 更新済:
  com.unity.analytics をバージョン 3.2.2 から 3.2.3 へ

=== Wed May 27 15:06:36 2020

Packages were changed.
Update Mode: updateDependencies

The following packages were 更新済:
  com.unity.ads をバージョン 3.4.4 から 3.4.5 へ
  com.unity.ide.vscode をバージョン 1.1.4 から 1.2.0 へ
  com.unity.test-framework をバージョン 1.1.13 から 1.1.14 へ
  com.unity.xr.legacyinputhelpers をバージョン 1.3.11 から 2.1.3 へ
